2025-04-29 08:19:16,138 - __main__ - INFO - Начало работы
2025-04-29 08:19:16,139 - __main__ - INFO - Датасета не существует. Скачивание датасета с Kaggle
2025-04-29 08:19:16,139 - src.data_processing.download_data - INFO - Установка переменной окружения
2025-04-29 08:19:16,379 - src.data_processing.download_data - INFO - Провекрка пути: E:\prod_framework_ml/venv
2025-04-29 08:19:16,379 - src.data_processing.download_data - INFO - Проверка наличия API-ключа пользователя
2025-04-29 08:19:16,380 - src.data_processing.download_data - INFO - Создание объекта API
2025-04-29 08:19:16,381 - src.data_processing.download_data - INFO - Скачивание датасета
2025-04-29 08:19:17,647 - src.data_processing.download_data - INFO - Датасет fedesoriano/heart-failure-prediction успешно установлен в E:\prod_framework_ml/data/raw
2025-04-29 08:19:20,259 - __main__ - INFO - Запущен первичный осмотр данных
2025-04-29 08:19:20,269 - src.analysis.firstlook_analysis - INFO - Начало работы firstlook_analysis.check_data
2025-04-29 08:19:20,269 - src.analysis.firstlook_analysis - INFO - Организация хранения данных о датасете
2025-04-29 08:19:20,270 - src.analysis.firstlook_analysis - INFO - Запись данных в .txt
2025-04-29 08:19:20,352 - src.analysis.firstlook_analysis - INFO - Данные записаны
2025-04-29 08:19:20,352 - src.analysis.firstlook_analysis - INFO - Начало работы firstlook_analysis.generate_graphs
2025-04-29 08:19:20,352 - src.analysis.firstlook_analysis - INFO - Организация хранения графиков
2025-04-29 08:19:20,353 - src.data_processing.features_engineering_bib - INFO - Начало работы энкодера типа Label Encoding
2025-04-29 08:19:20,358 - src.data_processing.features_engineering_bib - INFO - Данные закодированы
2025-04-29 08:19:20,359 - src.analysis.firstlook_analysis - INFO - Начало создания графиков
2025-04-29 08:19:26,516 - src.analysis.firstlook_analysis - INFO - Графики сохранены
2025-04-29 08:19:26,517 - __main__ - INFO - Запущен pipeline обучения
2025-04-29 08:19:26,518 - src.data_processing.data_preprocessing - INFO - Начало подготовки к обучению
2025-04-29 08:19:26,525 - src.data_processing.data_preprocessing - INFO - Начало обработки данных
2025-04-29 08:19:26,525 - src.data_processing.features_engineering_bib - INFO - Начало работы энкодера типа Label Encoding
2025-04-29 08:19:26,530 - src.data_processing.features_engineering_bib - INFO - Данные закодированы
2025-04-29 08:19:26,530 - src.data_processing.features_engineering_bib - INFO - Начало нормализации
2025-04-29 08:19:26,537 - src.data_processing.features_engineering_bib - INFO - Данные нормализованы
2025-04-29 08:19:26,537 - src.data_processing.features_engineering_bib - INFO - Начало стандартизации
2025-04-29 08:19:26,554 - src.data_processing.features_engineering_bib - INFO - Данные стандартизованны
2025-04-29 08:19:26,555 - src.data_processing.data_preprocessing - INFO - Обработка завершена
2025-04-29 08:19:26,558 - src.models.catboost_clf - INFO - Начало обучения модели
2025-04-29 08:19:27,191 - src.models.catboost_clf - INFO - Запущена оптимизация гиперпараметров модели
2025-04-29 08:19:27,191 - src.models.catboost_clf - INFO - Starting optimization with 300 trials
2025-04-29 08:19:27,192 - src.models.catboost_clf - INFO - Metric weights: Recall=0.7, F1=0.2, PR-AUC=0.1
2025-04-29 08:19:28,438 - src.models.catboost_clf - INFO - Trial 0/300 | Time: 1.24s | Recall: 0.8741 | F1: 0.8801 | PR-AUC: 0.9256 | Weighted: 0.8805 | Improvement: +0.0000
2025-04-29 08:19:30,065 - src.models.catboost_clf - INFO - Trial 1/300 | Time: 1.62s | Recall: 0.8859 | F1: 0.8794 | PR-AUC: 0.9334 | Weighted: 0.8893 | Improvement: +0.0089
2025-04-29 08:19:32,946 - src.models.catboost_clf - INFO - Trial 2/300 | Time: 2.88s | Recall: 0.8820 | F1: 0.8722 | PR-AUC: 0.9181 | Weighted: 0.8836 | Improvement: +0.0032
2025-04-29 08:19:34,602 - src.models.catboost_clf - INFO - Trial 3/300 | Time: 1.65s | Recall: 0.8624 | F1: 0.8593 | PR-AUC: 0.9134 | Weighted: 0.8668 | Improvement: -0.0136
2025-04-29 08:19:44,589 - src.models.catboost_clf - INFO - Trial 4/300 | Time: 9.98s | Recall: 0.8584 | F1: 0.8637 | PR-AUC: 0.9186 | Weighted: 0.8655 | Improvement: -0.0150
2025-04-29 08:19:46,322 - src.models.catboost_clf - INFO - Trial 5/300 | Time: 1.73s | Recall: 0.8740 | F1: 0.8625 | PR-AUC: 0.9168 | Weighted: 0.8760 | Improvement: -0.0044
2025-04-29 08:19:48,194 - src.models.catboost_clf - INFO - Trial 6/300 | Time: 1.87s | Recall: 0.8721 | F1: 0.8716 | PR-AUC: 0.9277 | Weighted: 0.8776 | Improvement: -0.0029
2025-04-29 08:19:49,139 - src.models.catboost_clf - INFO - Trial 7/300 | Time: 0.94s | Recall: 0.8624 | F1: 0.8633 | PR-AUC: 0.9256 | Weighted: 0.8689 | Improvement: -0.0116
2025-04-29 08:19:50,807 - src.models.catboost_clf - INFO - Trial 8/300 | Time: 1.66s | Recall: 0.8820 | F1: 0.8727 | PR-AUC: 0.9288 | Weighted: 0.8848 | Improvement: +0.0044
2025-04-29 08:19:55,078 - src.models.catboost_clf - INFO - Trial 9/300 | Time: 4.27s | Recall: 0.8761 | F1: 0.8720 | PR-AUC: 0.9276 | Weighted: 0.8804 | Improvement: -0.0000
2025-04-29 08:19:56,459 - src.models.catboost_clf - INFO - Trial 10/300 | Time: 1.38s | Recall: 0.8741 | F1: 0.8701 | PR-AUC: 0.9317 | Weighted: 0.8790 | Improvement: -0.0014
2025-04-29 08:19:59,444 - src.models.catboost_clf - INFO - Trial 11/300 | Time: 2.98s | Recall: 0.8800 | F1: 0.8717 | PR-AUC: 0.9310 | Weighted: 0.8835 | Improvement: +0.0030
2025-04-29 08:20:00,218 - src.models.catboost_clf - INFO - Trial 12/300 | Time: 0.77s | Recall: 0.8878 | F1: 0.8806 | PR-AUC: 0.9277 | Weighted: 0.8904 | Improvement: +0.0010
2025-04-29 08:20:01,744 - src.models.catboost_clf - INFO - Trial 13/300 | Time: 1.52s | Recall: 0.8722 | F1: 0.8629 | PR-AUC: 0.9251 | Weighted: 0.8756 | Improvement: -0.0137
2025-04-29 08:20:03,122 - src.models.catboost_clf - INFO - Trial 14/300 | Time: 1.37s | Recall: 0.8899 | F1: 0.8812 | PR-AUC: 0.9314 | Weighted: 0.8923 | Improvement: +0.0030
2025-04-29 08:20:06,474 - src.models.catboost_clf - INFO - Trial 15/300 | Time: 3.34s | Recall: 0.8722 | F1: 0.8691 | PR-AUC: 0.9325 | Weighted: 0.8776 | Improvement: -0.0117
2025-04-29 08:20:07,646 - src.models.catboost_clf - INFO - Trial 16/300 | Time: 1.16s | Recall: 0.8819 | F1: 0.8736 | PR-AUC: 0.9347 | Weighted: 0.8856 | Improvement: -0.0038
2025-04-29 08:20:09,415 - src.models.catboost_clf - INFO - Trial 17/300 | Time: 1.76s | Recall: 0.8407 | F1: 0.8504 | PR-AUC: 0.9149 | Weighted: 0.8501 | Improvement: -0.0392
2025-04-29 08:20:10,622 - src.models.catboost_clf - INFO - Trial 18/300 | Time: 1.20s | Recall: 0.8957 | F1: 0.8906 | PR-AUC: 0.9357 | Weighted: 0.8987 | Improvement: +0.0000
2025-04-29 08:20:12,600 - src.models.catboost_clf - INFO - Trial 19/300 | Time: 1.97s | Recall: 0.8997 | F1: 0.8877 | PR-AUC: 0.9383 | Weighted: 0.9012 | Improvement: +0.0025
2025-04-29 08:20:13,337 - src.models.catboost_clf - INFO - Trial 20/300 | Time: 0.73s | Recall: 0.8918 | F1: 0.8884 | PR-AUC: 0.9361 | Weighted: 0.8955 | Improvement: -0.0032
2025-04-29 08:20:14,857 - src.models.catboost_clf - INFO - Trial 21/300 | Time: 1.51s | Recall: 0.8958 | F1: 0.8837 | PR-AUC: 0.9346 | Weighted: 0.8973 | Improvement: -0.0014
2025-04-29 08:20:16,885 - src.models.catboost_clf - INFO - Trial 22/300 | Time: 2.02s | Recall: 0.8682 | F1: 0.8658 | PR-AUC: 0.9255 | Weighted: 0.8735 | Improvement: -0.0252
2025-04-29 08:20:19,664 - src.models.catboost_clf - INFO - Trial 23/300 | Time: 2.77s | Recall: 0.8643 | F1: 0.8655 | PR-AUC: 0.9208 | Weighted: 0.8702 | Improvement: -0.0285
2025-04-29 08:20:21,479 - src.models.catboost_clf - INFO - Trial 24/300 | Time: 1.80s | Recall: 0.8642 | F1: 0.8637 | PR-AUC: 0.9262 | Weighted: 0.8703 | Improvement: -0.0284
2025-04-29 08:20:23,811 - src.models.catboost_clf - INFO - Trial 25/300 | Time: 2.32s | Recall: 0.8682 | F1: 0.8650 | PR-AUC: 0.9238 | Weighted: 0.8731 | Improvement: -0.0256
2025-04-29 08:20:27,159 - src.models.catboost_clf - INFO - Trial 26/300 | Time: 3.34s | Recall: 0.8899 | F1: 0.8806 | PR-AUC: 0.9322 | Weighted: 0.8922 | Improvement: -0.0065
2025-04-29 08:20:32,054 - src.models.catboost_clf - INFO - Trial 27/300 | Time: 4.88s | Recall: 0.8406 | F1: 0.8476 | PR-AUC: 0.9116 | Weighted: 0.8491 | Improvement: -0.0496
2025-04-29 08:20:37,403 - src.models.catboost_clf - INFO - Trial 28/300 | Time: 5.34s | Recall: 0.8623 | F1: 0.8602 | PR-AUC: 0.9082 | Weighted: 0.8665 | Improvement: -0.0322
2025-04-29 08:20:40,696 - src.models.catboost_clf - INFO - Trial 29/300 | Time: 3.28s | Recall: 0.8859 | F1: 0.8784 | PR-AUC: 0.9316 | Weighted: 0.8890 | Improvement: -0.0097
2025-04-29 08:20:41,607 - src.models.catboost_clf - INFO - Trial 30/300 | Time: 0.90s | Recall: 0.8879 | F1: 0.8828 | PR-AUC: 0.9357 | Weighted: 0.8916 | Improvement: -0.0071
2025-04-29 08:20:43,205 - src.models.catboost_clf - INFO - Trial 31/300 | Time: 1.59s | Recall: 0.8800 | F1: 0.8760 | PR-AUC: 0.9354 | Weighted: 0.8847 | Improvement: -0.0140
2025-04-29 08:20:44,146 - src.models.catboost_clf - INFO - Trial 32/300 | Time: 0.93s | Recall: 0.8662 | F1: 0.8631 | PR-AUC: 0.9155 | Weighted: 0.8705 | Improvement: -0.0282
2025-04-29 08:20:46,156 - src.models.catboost_clf - INFO - Trial 33/300 | Time: 2.00s | Recall: 0.8663 | F1: 0.8623 | PR-AUC: 0.9222 | Weighted: 0.8711 | Improvement: -0.0276
2025-04-29 08:20:50,787 - src.models.catboost_clf - INFO - Trial 34/300 | Time: 4.62s | Recall: 0.8544 | F1: 0.8537 | PR-AUC: 0.9125 | Weighted: 0.8601 | Improvement: -0.0386
2025-04-29 08:20:54,848 - src.models.catboost_clf - INFO - Trial 35/300 | Time: 4.05s | Recall: 0.8938 | F1: 0.8827 | PR-AUC: 0.9338 | Weighted: 0.8956 | Improvement: -0.0031
2025-04-29 08:20:55,789 - src.models.catboost_clf - INFO - Trial 36/300 | Time: 0.93s | Recall: 0.8879 | F1: 0.8855 | PR-AUC: 0.9350 | Weighted: 0.8921 | Improvement: -0.0066
2025-04-29 08:20:57,980 - src.models.catboost_clf - INFO - Trial 37/300 | Time: 2.17s | Recall: 0.8643 | F1: 0.8590 | PR-AUC: 0.9067 | Weighted: 0.8675 | Improvement: -0.0312
2025-04-29 08:21:02,865 - src.models.catboost_clf - INFO - Trial 38/300 | Time: 4.87s | Recall: 0.8682 | F1: 0.8639 | PR-AUC: 0.9172 | Weighted: 0.8723 | Improvement: -0.0264
2025-04-29 08:21:08,113 - src.models.catboost_clf - INFO - Trial 39/300 | Time: 5.23s | Recall: 0.8604 | F1: 0.8563 | PR-AUC: 0.9063 | Weighted: 0.8642 | Improvement: -0.0346
2025-04-29 08:21:10,936 - src.models.catboost_clf - INFO - Trial 40/300 | Time: 2.81s | Recall: 0.8780 | F1: 0.8741 | PR-AUC: 0.9316 | Weighted: 0.8826 | Improvement: -0.0161
2025-04-29 08:21:13,662 - src.models.catboost_clf - INFO - Trial 41/300 | Time: 2.71s | Recall: 0.8682 | F1: 0.8601 | PR-AUC: 0.9218 | Weighted: 0.8719 | Improvement: -0.0268
2025-04-29 08:21:14,966 - src.models.catboost_clf - INFO - Trial 42/300 | Time: 1.29s | Recall: 0.8859 | F1: 0.8800 | PR-AUC: 0.9418 | Weighted: 0.8903 | Improvement: -0.0084
2025-04-29 08:21:17,233 - src.models.catboost_clf - INFO - Trial 43/300 | Time: 2.25s | Recall: 0.8918 | F1: 0.8849 | PR-AUC: 0.9333 | Weighted: 0.8946 | Improvement: -0.0041
2025-04-29 08:21:18,229 - src.models.catboost_clf - INFO - Trial 44/300 | Time: 0.98s | Recall: 0.8918 | F1: 0.8860 | PR-AUC: 0.9276 | Weighted: 0.8942 | Improvement: -0.0045
2025-04-29 08:21:19,998 - src.models.catboost_clf - INFO - Trial 45/300 | Time: 1.75s | Recall: 0.8781 | F1: 0.8728 | PR-AUC: 0.9309 | Weighted: 0.8823 | Improvement: -0.0164
2025-04-29 08:21:21,576 - src.models.catboost_clf - INFO - Trial 46/300 | Time: 1.56s | Recall: 0.8957 | F1: 0.8863 | PR-AUC: 0.9327 | Weighted: 0.8976 | Improvement: -0.0011
2025-04-29 08:21:23,162 - src.models.catboost_clf - INFO - Trial 47/300 | Time: 1.57s | Recall: 0.8878 | F1: 0.8846 | PR-AUC: 0.9336 | Weighted: 0.8918 | Improvement: -0.0069
2025-04-29 08:21:24,123 - src.models.catboost_clf - INFO - Trial 48/300 | Time: 0.94s | Recall: 0.8721 | F1: 0.8725 | PR-AUC: 0.9176 | Weighted: 0.8768 | Improvement: -0.0219
2025-04-29 08:21:25,881 - src.models.catboost_clf - INFO - Trial 49/300 | Time: 1.74s | Recall: 0.8859 | F1: 0.8766 | PR-AUC: 0.9315 | Weighted: 0.8886 | Improvement: -0.0101
2025-04-29 08:21:27,049 - src.models.catboost_clf - INFO - Trial 50/300 | Time: 1.15s | Recall: 0.8859 | F1: 0.8799 | PR-AUC: 0.9361 | Weighted: 0.8897 | Improvement: -0.0090
2025-04-29 08:21:27,888 - src.models.catboost_clf - INFO - Trial 51/300 | Time: 0.82s | Recall: 0.8800 | F1: 0.8702 | PR-AUC: 0.9246 | Weighted: 0.8825 | Improvement: -0.0162
2025-04-29 08:21:30,001 - src.models.catboost_clf - INFO - Trial 52/300 | Time: 2.09s | Recall: 0.8800 | F1: 0.8751 | PR-AUC: 0.9349 | Weighted: 0.8845 | Improvement: -0.0142
2025-04-29 08:21:31,162 - src.models.catboost_clf - INFO - Trial 53/300 | Time: 1.14s | Recall: 0.8879 | F1: 0.8861 | PR-AUC: 0.9393 | Weighted: 0.8927 | Improvement: -0.0060
2025-04-29 08:21:31,972 - src.models.catboost_clf - INFO - Trial 54/300 | Time: 0.79s | Recall: 0.8898 | F1: 0.8803 | PR-AUC: 0.9279 | Weighted: 0.8917 | Improvement: -0.0070
2025-04-29 08:21:36,861 - src.models.catboost_clf - INFO - Trial 55/300 | Time: 4.86s | Recall: 0.8839 | F1: 0.8788 | PR-AUC: 0.9318 | Weighted: 0.8877 | Improvement: -0.0110
2025-04-29 08:21:39,386 - src.models.catboost_clf - INFO - Trial 56/300 | Time: 2.50s | Recall: 0.8760 | F1: 0.8721 | PR-AUC: 0.9344 | Weighted: 0.8811 | Improvement: -0.0176
2025-04-29 08:21:42,455 - src.models.catboost_clf - INFO - Trial 57/300 | Time: 3.04s | Recall: 0.8839 | F1: 0.8757 | PR-AUC: 0.9314 | Weighted: 0.8870 | Improvement: -0.0117
2025-04-29 08:21:44,223 - src.models.catboost_clf - INFO - Trial 58/300 | Time: 1.74s | Recall: 0.8840 | F1: 0.8756 | PR-AUC: 0.9335 | Weighted: 0.8872 | Improvement: -0.0115
2025-04-29 08:21:46,118 - src.models.catboost_clf - INFO - Trial 59/300 | Time: 1.87s | Recall: 0.8643 | F1: 0.8661 | PR-AUC: 0.9168 | Weighted: 0.8699 | Improvement: -0.0288
2025-04-29 08:21:47,682 - src.models.catboost_clf - INFO - Trial 60/300 | Time: 1.54s | Recall: 0.8721 | F1: 0.8648 | PR-AUC: 0.9215 | Weighted: 0.8756 | Improvement: -0.0231
2025-04-29 08:21:49,014 - src.models.catboost_clf - INFO - Trial 61/300 | Time: 1.31s | Recall: 0.8820 | F1: 0.8744 | PR-AUC: 0.9387 | Weighted: 0.8861 | Improvement: -0.0126
2025-04-29 08:21:53,855 - src.models.catboost_clf - INFO - Trial 62/300 | Time: 4.82s | Recall: 0.8623 | F1: 0.8627 | PR-AUC: 0.9186 | Weighted: 0.8680 | Improvement: -0.0307
2025-04-29 08:21:59,121 - src.models.catboost_clf - INFO - Trial 63/300 | Time: 5.24s | Recall: 0.8623 | F1: 0.8602 | PR-AUC: 0.9082 | Weighted: 0.8665 | Improvement: -0.0322
2025-04-29 08:22:01,232 - src.models.catboost_clf - INFO - Trial 64/300 | Time: 2.09s | Recall: 0.8407 | F1: 0.8504 | PR-AUC: 0.9149 | Weighted: 0.8501 | Improvement: -0.0486
2025-04-29 08:22:04,489 - src.models.catboost_clf - INFO - Trial 65/300 | Time: 3.23s | Recall: 0.8839 | F1: 0.8790 | PR-AUC: 0.9330 | Weighted: 0.8878 | Improvement: -0.0109
2025-04-29 08:22:06,729 - src.models.catboost_clf - INFO - Trial 66/300 | Time: 2.21s | Recall: 0.8918 | F1: 0.8849 | PR-AUC: 0.9333 | Weighted: 0.8946 | Improvement: -0.0041
2025-04-29 08:22:07,896 - src.models.catboost_clf - INFO - Trial 67/300 | Time: 1.14s | Recall: 0.8859 | F1: 0.8816 | PR-AUC: 0.9322 | Weighted: 0.8897 | Improvement: -0.0090
2025-04-29 08:22:10,065 - src.models.catboost_clf - INFO - Trial 68/300 | Time: 2.14s | Recall: 0.8898 | F1: 0.8814 | PR-AUC: 0.9354 | Weighted: 0.8927 | Improvement: -0.0060
2025-04-29 08:22:11,126 - src.models.catboost_clf - INFO - Trial 69/300 | Time: 1.03s | Recall: 0.8879 | F1: 0.8828 | PR-AUC: 0.9357 | Weighted: 0.8916 | Improvement: -0.0071
2025-04-29 08:22:20,711 - src.models.catboost_clf - INFO - Trial 70/300 | Time: 9.56s | Recall: 0.8584 | F1: 0.8603 | PR-AUC: 0.9200 | Weighted: 0.8649 | Improvement: -0.0338
2025-04-29 08:22:22,499 - src.models.catboost_clf - INFO - Trial 71/300 | Time: 1.76s | Recall: 0.8840 | F1: 0.8814 | PR-AUC: 0.9353 | Weighted: 0.8886 | Improvement: -0.0101
2025-04-29 08:22:31,951 - src.models.catboost_clf - INFO - Trial 72/300 | Time: 9.42s | Recall: 0.8564 | F1: 0.8629 | PR-AUC: 0.9196 | Weighted: 0.8640 | Improvement: -0.0347
2025-04-29 08:22:33,833 - src.models.catboost_clf - INFO - Trial 73/300 | Time: 1.85s | Recall: 0.8800 | F1: 0.8734 | PR-AUC: 0.9329 | Weighted: 0.8840 | Improvement: -0.0147
2025-04-29 08:22:35,587 - src.models.catboost_clf - INFO - Trial 74/300 | Time: 1.72s | Recall: 0.8800 | F1: 0.8811 | PR-AUC: 0.9274 | Weighted: 0.8850 | Improvement: -0.0138
2025-04-29 08:22:36,305 - src.models.catboost_clf - INFO - Trial 75/300 | Time: 0.69s | Recall: 0.8997 | F1: 0.8884 | PR-AUC: 0.9355 | Weighted: 0.9010 | Improvement: +0.0023
2025-04-29 08:22:39,186 - src.models.catboost_clf - INFO - Trial 76/300 | Time: 2.85s | Recall: 0.8721 | F1: 0.8665 | PR-AUC: 0.9152 | Weighted: 0.8753 | Improvement: -0.0234
2025-04-29 08:22:40,196 - src.models.catboost_clf - INFO - Trial 77/300 | Time: 0.98s | Recall: 0.8879 | F1: 0.8828 | PR-AUC: 0.9357 | Weighted: 0.8916 | Improvement: -0.0071
2025-04-29 08:22:41,239 - src.models.catboost_clf - INFO - Trial 78/300 | Time: 1.01s | Recall: 0.8898 | F1: 0.8762 | PR-AUC: 0.9339 | Weighted: 0.8915 | Improvement: -0.0072
2025-04-29 08:22:42,625 - src.models.catboost_clf - INFO - Trial 79/300 | Time: 1.36s | Recall: 0.8859 | F1: 0.8758 | PR-AUC: 0.9317 | Weighted: 0.8885 | Improvement: -0.0102
2025-04-29 08:22:44,394 - src.models.catboost_clf - INFO - Trial 80/300 | Time: 1.74s | Recall: 0.8819 | F1: 0.8731 | PR-AUC: 0.9317 | Weighted: 0.8851 | Improvement: -0.0136
2025-04-29 08:22:47,431 - src.models.catboost_clf - INFO - Trial 81/300 | Time: 3.01s | Recall: 0.8623 | F1: 0.8600 | PR-AUC: 0.9200 | Weighted: 0.8676 | Improvement: -0.0311
2025-04-29 08:22:49,119 - src.models.catboost_clf - INFO - Trial 82/300 | Time: 1.65s | Recall: 0.8859 | F1: 0.8778 | PR-AUC: 0.9352 | Weighted: 0.8892 | Improvement: -0.0095
2025-04-29 08:22:50,808 - src.models.catboost_clf - INFO - Trial 83/300 | Time: 1.65s | Recall: 0.8210 | F1: 0.8395 | PR-AUC: 0.8963 | Weighted: 0.8322 | Improvement: -0.0665
2025-04-29 08:22:55,500 - src.models.catboost_clf - INFO - Trial 84/300 | Time: 4.66s | Recall: 0.8761 | F1: 0.8720 | PR-AUC: 0.9276 | Weighted: 0.8804 | Improvement: -0.0183
2025-04-29 08:22:57,169 - src.models.catboost_clf - INFO - Trial 85/300 | Time: 1.63s | Recall: 0.8760 | F1: 0.8619 | PR-AUC: 0.9257 | Weighted: 0.8782 | Improvement: -0.0205
2025-04-29 08:22:59,004 - src.models.catboost_clf - INFO - Trial 86/300 | Time: 1.80s | Recall: 0.8918 | F1: 0.8832 | PR-AUC: 0.9347 | Weighted: 0.8944 | Improvement: -0.0043
2025-04-29 08:23:00,507 - src.models.catboost_clf - INFO - Trial 87/300 | Time: 1.47s | Recall: 0.8761 | F1: 0.8693 | PR-AUC: 0.9346 | Weighted: 0.8806 | Improvement: -0.0181
2025-04-29 08:23:01,386 - src.models.catboost_clf - INFO - Trial 88/300 | Time: 0.84s | Recall: 0.8859 | F1: 0.8808 | PR-AUC: 0.9320 | Weighted: 0.8895 | Improvement: -0.0092
2025-04-29 08:23:07,688 - src.models.catboost_clf - INFO - Trial 89/300 | Time: 6.27s | Recall: 0.8860 | F1: 0.8784 | PR-AUC: 0.9362 | Weighted: 0.8895 | Improvement: -0.0092
2025-04-29 08:23:09,229 - src.models.catboost_clf - INFO - Trial 90/300 | Time: 1.51s | Recall: 0.8977 | F1: 0.8874 | PR-AUC: 0.9358 | Weighted: 0.8995 | Improvement: +0.0008
2025-04-29 08:23:10,801 - src.models.catboost_clf - INFO - Trial 91/300 | Time: 1.54s | Recall: 0.8721 | F1: 0.8640 | PR-AUC: 0.9141 | Weighted: 0.8747 | Improvement: -0.0240
2025-04-29 08:23:13,060 - src.models.catboost_clf - INFO - Trial 92/300 | Time: 2.22s | Recall: 0.8780 | F1: 0.8733 | PR-AUC: 0.9331 | Weighted: 0.8826 | Improvement: -0.0161
2025-04-29 08:23:14,221 - src.models.catboost_clf - INFO - Trial 93/300 | Time: 1.12s | Recall: 0.8898 | F1: 0.8882 | PR-AUC: 0.9339 | Weighted: 0.8939 | Improvement: -0.0048
2025-04-29 08:23:14,907 - src.models.catboost_clf - INFO - Trial 94/300 | Time: 0.65s | Recall: 0.8899 | F1: 0.8848 | PR-AUC: 0.9368 | Weighted: 0.8935 | Improvement: -0.0052
2025-04-29 08:23:16,002 - src.models.catboost_clf - INFO - Trial 95/300 | Time: 1.06s | Recall: 0.8918 | F1: 0.8807 | PR-AUC: 0.9320 | Weighted: 0.8936 | Improvement: -0.0051
2025-04-29 08:23:17,314 - src.models.catboost_clf - INFO - Trial 96/300 | Time: 1.27s | Recall: 0.8860 | F1: 0.8835 | PR-AUC: 0.9298 | Weighted: 0.8898 | Improvement: -0.0089
2025-04-29 08:23:18,571 - src.models.catboost_clf - INFO - Trial 97/300 | Time: 1.22s | Recall: 0.8683 | F1: 0.8677 | PR-AUC: 0.9311 | Weighted: 0.8744 | Improvement: -0.0243
2025-04-29 08:23:20,487 - src.models.catboost_clf - INFO - Trial 98/300 | Time: 1.88s | Recall: 0.8899 | F1: 0.8772 | PR-AUC: 0.9270 | Weighted: 0.8911 | Improvement: -0.0077
2025-04-29 08:23:21,193 - src.models.catboost_clf - INFO - Trial 99/300 | Time: 0.67s | Recall: 0.8780 | F1: 0.8749 | PR-AUC: 0.9323 | Weighted: 0.8828 | Improvement: -0.0159
2025-04-29 08:23:22,988 - src.models.catboost_clf - INFO - Trial 100/300 | Time: 1.76s | Recall: 0.8760 | F1: 0.8702 | PR-AUC: 0.9329 | Weighted: 0.8806 | Improvement: -0.0181
2025-04-29 08:23:24,163 - src.models.catboost_clf - INFO - Trial 101/300 | Time: 1.13s | Recall: 0.8879 | F1: 0.8861 | PR-AUC: 0.9393 | Weighted: 0.8927 | Improvement: -0.0060
2025-04-29 08:23:29,283 - src.models.catboost_clf - INFO - Trial 102/300 | Time: 5.08s | Recall: 0.8898 | F1: 0.8822 | PR-AUC: 0.9406 | Weighted: 0.8934 | Improvement: -0.0053
2025-04-29 08:23:31,642 - src.models.catboost_clf - INFO - Trial 103/300 | Time: 2.32s | Recall: 0.8898 | F1: 0.8858 | PR-AUC: 0.9362 | Weighted: 0.8937 | Improvement: -0.0050
2025-04-29 08:23:32,723 - src.models.catboost_clf - INFO - Trial 104/300 | Time: 1.04s | Recall: 0.8819 | F1: 0.8805 | PR-AUC: 0.9386 | Weighted: 0.8873 | Improvement: -0.0114
2025-04-29 08:23:35,349 - src.models.catboost_clf - INFO - Trial 105/300 | Time: 2.59s | Recall: 0.8918 | F1: 0.8870 | PR-AUC: 0.9371 | Weighted: 0.8954 | Improvement: -0.0033
2025-04-29 08:23:40,444 - src.models.catboost_clf - INFO - Trial 106/300 | Time: 5.05s | Recall: 0.8761 | F1: 0.8729 | PR-AUC: 0.9276 | Weighted: 0.8806 | Improvement: -0.0181
2025-04-29 08:23:43,372 - src.models.catboost_clf - INFO - Trial 107/300 | Time: 2.89s | Recall: 0.8957 | F1: 0.8855 | PR-AUC: 0.9351 | Weighted: 0.8976 | Improvement: -0.0011
2025-04-29 08:23:44,299 - src.models.catboost_clf - INFO - Trial 108/300 | Time: 0.88s | Recall: 0.8918 | F1: 0.8876 | PR-AUC: 0.9347 | Weighted: 0.8952 | Improvement: -0.0035
2025-04-29 08:23:45,318 - src.models.catboost_clf - INFO - Trial 109/300 | Time: 0.98s | Recall: 0.8860 | F1: 0.8816 | PR-AUC: 0.9352 | Weighted: 0.8900 | Improvement: -0.0087
2025-04-29 08:23:46,353 - src.models.catboost_clf - INFO - Trial 110/300 | Time: 0.99s | Recall: 0.8918 | F1: 0.8860 | PR-AUC: 0.9276 | Weighted: 0.8942 | Improvement: -0.0045
2025-04-29 08:23:48,318 - src.models.catboost_clf - INFO - Trial 111/300 | Time: 1.92s | Recall: 0.8879 | F1: 0.8803 | PR-AUC: 0.9330 | Weighted: 0.8909 | Improvement: -0.0078
2025-04-29 08:23:49,051 - src.models.catboost_clf - INFO - Trial 112/300 | Time: 0.69s | Recall: 0.8977 | F1: 0.8916 | PR-AUC: 0.9347 | Weighted: 0.9002 | Improvement: +0.0015
2025-04-29 08:23:49,997 - src.models.catboost_clf - INFO - Trial 113/300 | Time: 0.89s | Recall: 0.8878 | F1: 0.8830 | PR-AUC: 0.9358 | Weighted: 0.8916 | Improvement: -0.0071
2025-04-29 08:23:52,147 - src.models.catboost_clf - INFO - Trial 114/300 | Time: 2.11s | Recall: 0.8820 | F1: 0.8686 | PR-AUC: 0.9176 | Weighted: 0.8829 | Improvement: -0.0158
2025-04-29 08:23:53,189 - src.models.catboost_clf - INFO - Trial 115/300 | Time: 1.00s | Recall: 0.8878 | F1: 0.8854 | PR-AUC: 0.9337 | Weighted: 0.8919 | Improvement: -0.0068
2025-04-29 08:23:56,337 - src.models.catboost_clf - INFO - Trial 116/300 | Time: 3.10s | Recall: 0.8977 | F1: 0.8901 | PR-AUC: 0.9346 | Weighted: 0.8999 | Improvement: +0.0012
2025-04-29 08:23:58,280 - src.models.catboost_clf - INFO - Trial 117/300 | Time: 1.90s | Recall: 0.8938 | F1: 0.8853 | PR-AUC: 0.9328 | Weighted: 0.8960 | Improvement: -0.0027
2025-04-29 08:23:59,687 - src.models.catboost_clf - INFO - Trial 118/300 | Time: 1.36s | Recall: 0.8938 | F1: 0.8879 | PR-AUC: 0.9330 | Weighted: 0.8965 | Improvement: -0.0022
2025-04-29 08:24:01,208 - src.models.catboost_clf - INFO - Trial 119/300 | Time: 1.47s | Recall: 0.8761 | F1: 0.8720 | PR-AUC: 0.9362 | Weighted: 0.8813 | Improvement: -0.0174
2025-04-29 08:24:03,071 - src.models.catboost_clf - INFO - Trial 120/300 | Time: 1.82s | Recall: 0.8899 | F1: 0.8823 | PR-AUC: 0.9358 | Weighted: 0.8929 | Improvement: -0.0058
2025-04-29 08:24:06,754 - src.models.catboost_clf - INFO - Trial 121/300 | Time: 3.63s | Recall: 0.8879 | F1: 0.8837 | PR-AUC: 0.9368 | Weighted: 0.8920 | Improvement: -0.0067
2025-04-29 08:24:08,269 - src.models.catboost_clf - INFO - Trial 122/300 | Time: 1.47s | Recall: 0.8918 | F1: 0.8843 | PR-AUC: 0.9357 | Weighted: 0.8947 | Improvement: -0.0040
2025-04-29 08:24:10,107 - src.models.catboost_clf - INFO - Trial 123/300 | Time: 1.79s | Recall: 0.8840 | F1: 0.8814 | PR-AUC: 0.9353 | Weighted: 0.8886 | Improvement: -0.0101
2025-04-29 08:24:11,734 - src.models.catboost_clf - INFO - Trial 124/300 | Time: 1.58s | Recall: 0.8741 | F1: 0.8715 | PR-AUC: 0.9299 | Weighted: 0.8792 | Improvement: -0.0195
2025-04-29 08:24:13,088 - src.models.catboost_clf - INFO - Trial 125/300 | Time: 1.30s | Recall: 0.8722 | F1: 0.8687 | PR-AUC: 0.9192 | Weighted: 0.8762 | Improvement: -0.0225
2025-04-29 08:24:14,118 - src.models.catboost_clf - INFO - Trial 126/300 | Time: 0.98s | Recall: 0.8918 | F1: 0.8806 | PR-AUC: 0.9337 | Weighted: 0.8937 | Improvement: -0.0050
2025-04-29 08:24:15,352 - src.models.catboost_clf - INFO - Trial 127/300 | Time: 1.19s | Recall: 0.8859 | F1: 0.8784 | PR-AUC: 0.9313 | Weighted: 0.8889 | Improvement: -0.0098
2025-04-29 08:24:17,154 - src.models.catboost_clf - INFO - Trial 128/300 | Time: 1.75s | Recall: 0.8781 | F1: 0.8728 | PR-AUC: 0.9309 | Weighted: 0.8823 | Improvement: -0.0164
2025-04-29 08:24:20,824 - src.models.catboost_clf - INFO - Trial 129/300 | Time: 3.62s | Recall: 0.8859 | F1: 0.8791 | PR-AUC: 0.9358 | Weighted: 0.8895 | Improvement: -0.0092
2025-04-29 08:24:22,401 - src.models.catboost_clf - INFO - Trial 130/300 | Time: 1.53s | Recall: 0.9017 | F1: 0.8914 | PR-AUC: 0.9367 | Weighted: 0.9031 | Improvement: +0.0019
2025-04-29 08:24:24,176 - src.models.catboost_clf - INFO - Trial 131/300 | Time: 1.72s | Recall: 0.8820 | F1: 0.8777 | PR-AUC: 0.9397 | Weighted: 0.8869 | Improvement: -0.0143
2025-04-29 08:24:25,742 - src.models.catboost_clf - INFO - Trial 132/300 | Time: 1.51s | Recall: 0.8780 | F1: 0.8742 | PR-AUC: 0.9347 | Weighted: 0.8829 | Improvement: -0.0183
2025-04-29 08:24:27,210 - src.models.catboost_clf - INFO - Trial 133/300 | Time: 1.42s | Recall: 0.8722 | F1: 0.8713 | PR-AUC: 0.9321 | Weighted: 0.8780 | Improvement: -0.0232
2025-04-29 08:24:28,308 - src.models.catboost_clf - INFO - Trial 134/300 | Time: 1.05s | Recall: 0.8938 | F1: 0.8868 | PR-AUC: 0.9363 | Weighted: 0.8967 | Improvement: -0.0045
2025-04-29 08:24:30,622 - src.models.catboost_clf - INFO - Trial 135/300 | Time: 2.26s | Recall: 0.8918 | F1: 0.8842 | PR-AUC: 0.9364 | Weighted: 0.8948 | Improvement: -0.0064
2025-04-29 08:24:31,793 - src.models.catboost_clf - INFO - Trial 136/300 | Time: 1.12s | Recall: 0.8957 | F1: 0.8906 | PR-AUC: 0.9357 | Weighted: 0.8987 | Improvement: -0.0025
2025-04-29 08:24:32,930 - src.models.catboost_clf - INFO - Trial 137/300 | Time: 1.09s | Recall: 0.8898 | F1: 0.8874 | PR-AUC: 0.9342 | Weighted: 0.8938 | Improvement: -0.0074
2025-04-29 08:24:36,476 - src.models.catboost_clf - INFO - Trial 138/300 | Time: 3.49s | Recall: 0.8859 | F1: 0.8818 | PR-AUC: 0.9352 | Weighted: 0.8900 | Improvement: -0.0111
2025-04-29 08:24:37,594 - src.models.catboost_clf - INFO - Trial 139/300 | Time: 1.06s | Recall: 0.8781 | F1: 0.8731 | PR-AUC: 0.9365 | Weighted: 0.8829 | Improvement: -0.0183
2025-04-29 08:24:39,989 - src.models.catboost_clf - INFO - Trial 140/300 | Time: 2.34s | Recall: 0.8957 | F1: 0.8872 | PR-AUC: 0.9339 | Weighted: 0.8978 | Improvement: -0.0033
2025-04-29 08:24:41,589 - src.models.catboost_clf - INFO - Trial 141/300 | Time: 1.55s | Recall: 0.8859 | F1: 0.8825 | PR-AUC: 0.9350 | Weighted: 0.8902 | Improvement: -0.0110
2025-04-29 08:24:42,976 - src.models.catboost_clf - INFO - Trial 142/300 | Time: 1.33s | Recall: 0.8840 | F1: 0.8730 | PR-AUC: 0.9225 | Weighted: 0.8857 | Improvement: -0.0155
2025-04-29 08:24:44,207 - src.models.catboost_clf - INFO - Trial 143/300 | Time: 1.18s | Recall: 0.8879 | F1: 0.8861 | PR-AUC: 0.9393 | Weighted: 0.8927 | Improvement: -0.0085
2025-04-29 08:24:46,037 - src.models.catboost_clf - INFO - Trial 144/300 | Time: 1.78s | Recall: 0.8801 | F1: 0.8766 | PR-AUC: 0.9330 | Weighted: 0.8847 | Improvement: -0.0165
2025-04-29 08:24:47,074 - src.models.catboost_clf - INFO - Trial 145/300 | Time: 0.98s | Recall: 0.8858 | F1: 0.8783 | PR-AUC: 0.9284 | Weighted: 0.8886 | Improvement: -0.0126
2025-04-29 08:24:51,128 - src.models.catboost_clf - INFO - Trial 146/300 | Time: 4.00s | Recall: 0.8780 | F1: 0.8713 | PR-AUC: 0.9229 | Weighted: 0.8812 | Improvement: -0.0200
2025-04-29 08:24:52,530 - src.models.catboost_clf - INFO - Trial 147/300 | Time: 1.35s | Recall: 0.8938 | F1: 0.8862 | PR-AUC: 0.9370 | Weighted: 0.8966 | Improvement: -0.0046
2025-04-29 08:24:53,709 - src.models.catboost_clf - INFO - Trial 148/300 | Time: 1.12s | Recall: 0.8898 | F1: 0.8857 | PR-AUC: 0.9352 | Weighted: 0.8936 | Improvement: -0.0076
2025-04-29 08:24:55,067 - src.models.catboost_clf - INFO - Trial 149/300 | Time: 1.30s | Recall: 0.8898 | F1: 0.8813 | PR-AUC: 0.9348 | Weighted: 0.8926 | Improvement: -0.0085
2025-04-29 08:24:56,148 - src.models.catboost_clf - INFO - Trial 150/300 | Time: 1.02s | Recall: 0.8879 | F1: 0.8837 | PR-AUC: 0.9324 | Weighted: 0.8915 | Improvement: -0.0097
2025-04-29 08:24:57,778 - src.models.catboost_clf - INFO - Trial 151/300 | Time: 1.57s | Recall: 0.8918 | F1: 0.8834 | PR-AUC: 0.9348 | Weighted: 0.8944 | Improvement: -0.0067
2025-04-29 08:24:59,036 - src.models.catboost_clf - INFO - Trial 152/300 | Time: 1.20s | Recall: 0.8938 | F1: 0.8836 | PR-AUC: 0.9392 | Weighted: 0.8963 | Improvement: -0.0049
2025-04-29 08:25:00,324 - src.models.catboost_clf - INFO - Trial 153/300 | Time: 1.23s | Recall: 0.8918 | F1: 0.8858 | PR-AUC: 0.9371 | Weighted: 0.8952 | Improvement: -0.0060
2025-04-29 08:25:01,967 - src.models.catboost_clf - INFO - Trial 154/300 | Time: 1.59s | Recall: 0.8682 | F1: 0.8711 | PR-AUC: 0.9274 | Weighted: 0.8747 | Improvement: -0.0265
2025-04-29 08:25:03,567 - src.models.catboost_clf - INFO - Trial 155/300 | Time: 1.54s | Recall: 0.8859 | F1: 0.8824 | PR-AUC: 0.9350 | Weighted: 0.8901 | Improvement: -0.0110
2025-04-29 08:25:04,716 - src.models.catboost_clf - INFO - Trial 156/300 | Time: 1.09s | Recall: 0.8958 | F1: 0.8898 | PR-AUC: 0.9347 | Weighted: 0.8985 | Improvement: -0.0027
2025-04-29 08:25:05,772 - src.models.catboost_clf - INFO - Trial 157/300 | Time: 1.00s | Recall: 0.8937 | F1: 0.8871 | PR-AUC: 0.9338 | Weighted: 0.8964 | Improvement: -0.0048
2025-04-29 08:25:07,192 - src.models.catboost_clf - INFO - Trial 158/300 | Time: 1.36s | Recall: 0.8898 | F1: 0.8831 | PR-AUC: 0.9364 | Weighted: 0.8931 | Improvement: -0.0081
2025-04-29 08:25:08,554 - src.models.catboost_clf - INFO - Trial 159/300 | Time: 1.30s | Recall: 0.8780 | F1: 0.8756 | PR-AUC: 0.9349 | Weighted: 0.8832 | Improvement: -0.0179
2025-04-29 08:25:09,716 - src.models.catboost_clf - INFO - Trial 160/300 | Time: 1.10s | Recall: 0.8918 | F1: 0.8893 | PR-AUC: 0.9348 | Weighted: 0.8956 | Improvement: -0.0056
2025-04-29 08:25:10,815 - src.models.catboost_clf - INFO - Trial 161/300 | Time: 1.04s | Recall: 0.8839 | F1: 0.8772 | PR-AUC: 0.9348 | Weighted: 0.8877 | Improvement: -0.0135
2025-04-29 08:25:12,055 - src.models.catboost_clf - INFO - Trial 162/300 | Time: 1.18s | Recall: 0.8879 | F1: 0.8861 | PR-AUC: 0.9393 | Weighted: 0.8927 | Improvement: -0.0085
2025-04-29 08:25:13,594 - src.models.catboost_clf - INFO - Trial 163/300 | Time: 1.45s | Recall: 0.8938 | F1: 0.8836 | PR-AUC: 0.9409 | Weighted: 0.8965 | Improvement: -0.0047
2025-04-29 08:25:16,150 - src.models.catboost_clf - INFO - Trial 164/300 | Time: 2.49s | Recall: 0.8898 | F1: 0.8831 | PR-AUC: 0.9364 | Weighted: 0.8932 | Improvement: -0.0080
2025-04-29 08:25:17,225 - src.models.catboost_clf - INFO - Trial 165/300 | Time: 1.01s | Recall: 0.8839 | F1: 0.8859 | PR-AUC: 0.9339 | Weighted: 0.8893 | Improvement: -0.0118
2025-04-29 08:25:19,247 - src.models.catboost_clf - INFO - Trial 166/300 | Time: 1.96s | Recall: 0.8898 | F1: 0.8849 | PR-AUC: 0.9379 | Weighted: 0.8936 | Improvement: -0.0075
2025-04-29 08:25:20,362 - src.models.catboost_clf - INFO - Trial 167/300 | Time: 1.05s | Recall: 0.8997 | F1: 0.8937 | PR-AUC: 0.9316 | Weighted: 0.9017 | Improvement: +0.0005
2025-04-29 08:25:23,190 - src.models.catboost_clf - INFO - Trial 168/300 | Time: 2.77s | Recall: 0.8701 | F1: 0.8706 | PR-AUC: 0.9134 | Weighted: 0.8746 | Improvement: -0.0266
2025-04-29 08:25:24,677 - src.models.catboost_clf - INFO - Trial 169/300 | Time: 1.42s | Recall: 0.8761 | F1: 0.8693 | PR-AUC: 0.9346 | Weighted: 0.8806 | Improvement: -0.0206
2025-04-29 08:25:26,908 - src.models.catboost_clf - INFO - Trial 170/300 | Time: 2.17s | Recall: 0.8859 | F1: 0.8808 | PR-AUC: 0.9365 | Weighted: 0.8900 | Improvement: -0.0112
2025-04-29 08:25:28,895 - src.models.catboost_clf - INFO - Trial 171/300 | Time: 1.92s | Recall: 0.8977 | F1: 0.8925 | PR-AUC: 0.9321 | Weighted: 0.9001 | Improvement: -0.0010
2025-04-29 08:25:31,039 - src.models.catboost_clf - INFO - Trial 172/300 | Time: 2.08s | Recall: 0.8918 | F1: 0.8867 | PR-AUC: 0.9366 | Weighted: 0.8953 | Improvement: -0.0059
2025-04-29 08:25:32,352 - src.models.catboost_clf - INFO - Trial 173/300 | Time: 1.25s | Recall: 0.8819 | F1: 0.8805 | PR-AUC: 0.9350 | Weighted: 0.8870 | Improvement: -0.0142
2025-04-29 08:25:33,824 - src.models.catboost_clf - INFO - Trial 174/300 | Time: 1.41s | Recall: 0.8918 | F1: 0.8843 | PR-AUC: 0.9357 | Weighted: 0.8947 | Improvement: -0.0065
2025-04-29 08:25:35,778 - src.models.catboost_clf - INFO - Trial 175/300 | Time: 1.89s | Recall: 0.8918 | F1: 0.8849 | PR-AUC: 0.9360 | Weighted: 0.8949 | Improvement: -0.0063
2025-04-29 08:25:37,254 - src.models.catboost_clf - INFO - Trial 176/300 | Time: 1.41s | Recall: 0.8761 | F1: 0.8720 | PR-AUC: 0.9362 | Weighted: 0.8813 | Improvement: -0.0199
2025-04-29 08:25:40,885 - src.models.catboost_clf - INFO - Trial 177/300 | Time: 3.56s | Recall: 0.8879 | F1: 0.8837 | PR-AUC: 0.9368 | Weighted: 0.8920 | Improvement: -0.0092
2025-04-29 08:25:43,950 - src.models.catboost_clf - INFO - Trial 178/300 | Time: 3.00s | Recall: 0.8898 | F1: 0.8825 | PR-AUC: 0.9374 | Weighted: 0.8931 | Improvement: -0.0080
2025-04-29 08:25:45,480 - src.models.catboost_clf - INFO - Trial 179/300 | Time: 1.46s | Recall: 0.8899 | F1: 0.8856 | PR-AUC: 0.9379 | Weighted: 0.8938 | Improvement: -0.0073
2025-04-29 08:25:46,645 - src.models.catboost_clf - INFO - Trial 180/300 | Time: 1.09s | Recall: 0.8839 | F1: 0.8780 | PR-AUC: 0.9394 | Weighted: 0.8883 | Improvement: -0.0129
2025-04-29 08:25:47,569 - src.models.catboost_clf - INFO - Trial 181/300 | Time: 0.85s | Recall: 0.8918 | F1: 0.8851 | PR-AUC: 0.9351 | Weighted: 0.8948 | Improvement: -0.0064
2025-04-29 08:25:49,917 - src.models.catboost_clf - INFO - Trial 182/300 | Time: 2.28s | Recall: 0.8938 | F1: 0.8886 | PR-AUC: 0.9353 | Weighted: 0.8969 | Improvement: -0.0043
2025-04-29 08:25:54,045 - src.models.catboost_clf - INFO - Trial 183/300 | Time: 4.06s | Recall: 0.8839 | F1: 0.8809 | PR-AUC: 0.9325 | Weighted: 0.8882 | Improvement: -0.0130
2025-04-29 08:25:55,189 - src.models.catboost_clf - INFO - Trial 184/300 | Time: 1.08s | Recall: 0.8898 | F1: 0.8900 | PR-AUC: 0.9312 | Weighted: 0.8940 | Improvement: -0.0072
2025-04-29 08:25:57,111 - src.models.catboost_clf - INFO - Trial 185/300 | Time: 1.85s | Recall: 0.8859 | F1: 0.8837 | PR-AUC: 0.9373 | Weighted: 0.8906 | Improvement: -0.0106
2025-04-29 08:25:57,840 - src.models.catboost_clf - INFO - Trial 186/300 | Time: 0.66s | Recall: 0.8977 | F1: 0.8916 | PR-AUC: 0.9347 | Weighted: 0.9002 | Improvement: -0.0009
2025-04-29 08:25:59,652 - src.models.catboost_clf - INFO - Trial 187/300 | Time: 1.74s | Recall: 0.8918 | F1: 0.8841 | PR-AUC: 0.9363 | Weighted: 0.8947 | Improvement: -0.0064
2025-04-29 08:26:00,901 - src.models.catboost_clf - INFO - Trial 188/300 | Time: 1.18s | Recall: 0.8898 | F1: 0.8855 | PR-AUC: 0.9381 | Weighted: 0.8938 | Improvement: -0.0074
2025-04-29 08:26:01,622 - src.models.catboost_clf - INFO - Trial 189/300 | Time: 0.65s | Recall: 0.8860 | F1: 0.8824 | PR-AUC: 0.9359 | Weighted: 0.8902 | Improvement: -0.0109
2025-04-29 08:26:03,222 - src.models.catboost_clf - INFO - Trial 190/300 | Time: 1.53s | Recall: 0.8761 | F1: 0.8719 | PR-AUC: 0.9337 | Weighted: 0.8810 | Improvement: -0.0202
2025-04-29 08:26:04,490 - src.models.catboost_clf - INFO - Trial 191/300 | Time: 1.16s | Recall: 0.8957 | F1: 0.8906 | PR-AUC: 0.9357 | Weighted: 0.8987 | Improvement: -0.0025
2025-04-29 08:26:09,851 - src.models.catboost_clf - INFO - Trial 192/300 | Time: 5.29s | Recall: 0.8958 | F1: 0.8899 | PR-AUC: 0.9345 | Weighted: 0.8985 | Improvement: -0.0027
2025-04-29 08:26:14,348 - src.models.catboost_clf - INFO - Trial 193/300 | Time: 4.43s | Recall: 0.8958 | F1: 0.8898 | PR-AUC: 0.9384 | Weighted: 0.8989 | Improvement: -0.0023
2025-04-29 08:26:15,875 - src.models.catboost_clf - INFO - Trial 194/300 | Time: 1.46s | Recall: 0.8859 | F1: 0.8801 | PR-AUC: 0.9397 | Weighted: 0.8901 | Improvement: -0.0110
2025-04-29 08:26:17,254 - src.models.catboost_clf - INFO - Trial 195/300 | Time: 1.31s | Recall: 0.8938 | F1: 0.8887 | PR-AUC: 0.9377 | Weighted: 0.8972 | Improvement: -0.0040
2025-04-29 08:26:18,239 - src.models.catboost_clf - INFO - Trial 196/300 | Time: 0.91s | Recall: 0.8839 | F1: 0.8757 | PR-AUC: 0.9314 | Weighted: 0.8870 | Improvement: -0.0141
2025-04-29 08:26:19,787 - src.models.catboost_clf - INFO - Trial 197/300 | Time: 1.48s | Recall: 0.8899 | F1: 0.8824 | PR-AUC: 0.9380 | Weighted: 0.8932 | Improvement: -0.0080
2025-04-29 08:26:21,265 - src.models.catboost_clf - INFO - Trial 198/300 | Time: 1.41s | Recall: 0.8958 | F1: 0.8881 | PR-AUC: 0.9332 | Weighted: 0.8980 | Improvement: -0.0032
2025-04-29 08:26:23,087 - src.models.catboost_clf - INFO - Trial 199/300 | Time: 1.75s | Recall: 0.8918 | F1: 0.8843 | PR-AUC: 0.9353 | Weighted: 0.8946 | Improvement: -0.0065
2025-04-29 08:26:23,809 - src.models.catboost_clf - INFO - Trial 200/300 | Time: 0.65s | Recall: 0.8957 | F1: 0.8881 | PR-AUC: 0.9348 | Weighted: 0.8981 | Improvement: -0.0030
2025-04-29 08:26:24,809 - src.models.catboost_clf - INFO - Trial 201/300 | Time: 0.91s | Recall: 0.8701 | F1: 0.8748 | PR-AUC: 0.9286 | Weighted: 0.8769 | Improvement: -0.0243
2025-04-29 08:26:29,869 - src.models.catboost_clf - INFO - Trial 202/300 | Time: 4.99s | Recall: 0.8564 | F1: 0.8611 | PR-AUC: 0.9200 | Weighted: 0.8637 | Improvement: -0.0375
2025-04-29 08:26:31,186 - src.models.catboost_clf - INFO - Trial 203/300 | Time: 1.24s | Recall: 0.8898 | F1: 0.8864 | PR-AUC: 0.9326 | Weighted: 0.8934 | Improvement: -0.0077
2025-04-29 08:26:32,517 - src.models.catboost_clf - INFO - Trial 204/300 | Time: 1.22s | Recall: 0.8819 | F1: 0.8789 | PR-AUC: 0.9369 | Weighted: 0.8868 | Improvement: -0.0143
2025-04-29 08:26:33,269 - src.models.catboost_clf - INFO - Trial 205/300 | Time: 0.68s | Recall: 0.8977 | F1: 0.8916 | PR-AUC: 0.9347 | Weighted: 0.9002 | Improvement: -0.0009
2025-04-29 08:26:37,865 - src.models.catboost_clf - INFO - Trial 206/300 | Time: 4.26s | Recall: 0.8918 | F1: 0.8850 | PR-AUC: 0.9318 | Weighted: 0.8944 | Improvement: -0.0067
2025-04-29 08:26:39,937 - src.models.catboost_clf - INFO - Trial 207/300 | Time: 1.99s | Recall: 0.8919 | F1: 0.8833 | PR-AUC: 0.9385 | Weighted: 0.8948 | Improvement: -0.0063
2025-04-29 08:26:40,915 - src.models.catboost_clf - INFO - Trial 208/300 | Time: 0.90s | Recall: 0.8898 | F1: 0.8831 | PR-AUC: 0.9334 | Weighted: 0.8928 | Improvement: -0.0084
2025-04-29 08:26:42,509 - src.models.catboost_clf - INFO - Trial 209/300 | Time: 1.47s | Recall: 0.8957 | F1: 0.8891 | PR-AUC: 0.9364 | Weighted: 0.8985 | Improvement: -0.0027
2025-04-29 08:26:53,585 - src.models.catboost_clf - INFO - Trial 210/300 | Time: 11.00s | Recall: 0.8506 | F1: 0.8598 | PR-AUC: 0.9189 | Weighted: 0.8592 | Improvement: -0.0419
2025-04-29 08:26:54,814 - src.models.catboost_clf - INFO - Trial 211/300 | Time: 1.15s | Recall: 0.8918 | F1: 0.8867 | PR-AUC: 0.9351 | Weighted: 0.8951 | Improvement: -0.0060
2025-04-29 08:26:58,028 - src.models.catboost_clf - INFO - Trial 212/300 | Time: 3.14s | Recall: 0.8938 | F1: 0.8880 | PR-AUC: 0.9379 | Weighted: 0.8970 | Improvement: -0.0041
2025-04-29 08:26:59,237 - src.models.catboost_clf - INFO - Trial 213/300 | Time: 1.13s | Recall: 0.8958 | F1: 0.8898 | PR-AUC: 0.9347 | Weighted: 0.8985 | Improvement: -0.0027
2025-04-29 08:27:00,368 - src.models.catboost_clf - INFO - Trial 214/300 | Time: 1.05s | Recall: 0.8858 | F1: 0.8843 | PR-AUC: 0.9431 | Weighted: 0.8913 | Improvement: -0.0099
2025-04-29 08:27:02,285 - src.models.catboost_clf - INFO - Trial 215/300 | Time: 1.84s | Recall: 0.8978 | F1: 0.8881 | PR-AUC: 0.9353 | Weighted: 0.8996 | Improvement: -0.0016
2025-04-29 08:27:02,978 - src.models.catboost_clf - INFO - Trial 216/300 | Time: 0.61s | Recall: 0.8800 | F1: 0.8827 | PR-AUC: 0.9373 | Weighted: 0.8863 | Improvement: -0.0149
2025-04-29 08:27:05,166 - src.models.catboost_clf - INFO - Trial 217/300 | Time: 2.11s | Recall: 0.8879 | F1: 0.8843 | PR-AUC: 0.9336 | Weighted: 0.8918 | Improvement: -0.0094
2025-04-29 08:27:05,914 - src.models.catboost_clf - INFO - Trial 218/300 | Time: 0.67s | Recall: 0.8977 | F1: 0.8916 | PR-AUC: 0.9347 | Weighted: 0.9002 | Improvement: -0.0009
2025-04-29 08:27:07,939 - src.models.catboost_clf - INFO - Trial 219/300 | Time: 1.94s | Recall: 0.8918 | F1: 0.8841 | PR-AUC: 0.9325 | Weighted: 0.8943 | Improvement: -0.0068
2025-04-29 08:27:09,241 - src.models.catboost_clf - INFO - Trial 220/300 | Time: 1.22s | Recall: 0.8859 | F1: 0.8817 | PR-AUC: 0.9370 | Weighted: 0.8902 | Improvement: -0.0110
2025-04-29 08:27:12,240 - src.models.catboost_clf - INFO - Trial 221/300 | Time: 2.92s | Recall: 0.8662 | F1: 0.8676 | PR-AUC: 0.9258 | Weighted: 0.8724 | Improvement: -0.0287
2025-04-29 08:27:13,798 - src.models.catboost_clf - INFO - Trial 222/300 | Time: 1.48s | Recall: 0.8839 | F1: 0.8800 | PR-AUC: 0.9395 | Weighted: 0.8887 | Improvement: -0.0125
2025-04-29 08:27:14,823 - src.models.catboost_clf - INFO - Trial 223/300 | Time: 0.94s | Recall: 0.8918 | F1: 0.8903 | PR-AUC: 0.9328 | Weighted: 0.8956 | Improvement: -0.0056
2025-04-29 08:27:16,030 - src.models.catboost_clf - INFO - Trial 224/300 | Time: 1.12s | Recall: 0.8879 | F1: 0.8821 | PR-AUC: 0.9333 | Weighted: 0.8913 | Improvement: -0.0099
2025-04-29 08:27:17,017 - src.models.catboost_clf - INFO - Trial 225/300 | Time: 0.90s | Recall: 0.8938 | F1: 0.8836 | PR-AUC: 0.9327 | Weighted: 0.8956 | Improvement: -0.0055
2025-04-29 08:27:18,774 - src.models.catboost_clf - INFO - Trial 226/300 | Time: 1.67s | Recall: 0.8839 | F1: 0.8829 | PR-AUC: 0.9310 | Weighted: 0.8884 | Improvement: -0.0127
2025-04-29 08:27:20,134 - src.models.catboost_clf - INFO - Trial 227/300 | Time: 1.27s | Recall: 0.8918 | F1: 0.8858 | PR-AUC: 0.9371 | Weighted: 0.8952 | Improvement: -0.0060
2025-04-29 08:27:21,091 - src.models.catboost_clf - INFO - Trial 228/300 | Time: 0.87s | Recall: 0.8819 | F1: 0.8779 | PR-AUC: 0.9347 | Weighted: 0.8864 | Improvement: -0.0148
2025-04-29 08:27:23,901 - src.models.catboost_clf - INFO - Trial 229/300 | Time: 2.73s | Recall: 0.8879 | F1: 0.8803 | PR-AUC: 0.9371 | Weighted: 0.8913 | Improvement: -0.0099
2025-04-29 08:27:25,128 - src.models.catboost_clf - INFO - Trial 230/300 | Time: 1.14s | Recall: 0.8918 | F1: 0.8893 | PR-AUC: 0.9348 | Weighted: 0.8956 | Improvement: -0.0056
2025-04-29 08:27:26,322 - src.models.catboost_clf - INFO - Trial 231/300 | Time: 1.11s | Recall: 0.8997 | F1: 0.8884 | PR-AUC: 0.9373 | Weighted: 0.9012 | Improvement: +0.0000
2025-04-29 08:27:28,533 - src.models.catboost_clf - INFO - Trial 232/300 | Time: 2.12s | Recall: 0.8997 | F1: 0.8877 | PR-AUC: 0.9383 | Weighted: 0.9012 | Improvement: +0.0000
2025-04-29 08:27:29,846 - src.models.catboost_clf - INFO - Trial 233/300 | Time: 1.22s | Recall: 0.8859 | F1: 0.8800 | PR-AUC: 0.9418 | Weighted: 0.8903 | Improvement: -0.0108
2025-04-29 08:27:31,285 - src.models.catboost_clf - INFO - Trial 234/300 | Time: 1.35s | Recall: 0.8820 | F1: 0.8697 | PR-AUC: 0.9201 | Weighted: 0.8833 | Improvement: -0.0178
2025-04-29 08:27:33,828 - src.models.catboost_clf - INFO - Trial 235/300 | Time: 2.46s | Recall: 0.8957 | F1: 0.8872 | PR-AUC: 0.9339 | Weighted: 0.8978 | Improvement: -0.0033
2025-04-29 08:27:35,713 - src.models.catboost_clf - INFO - Trial 236/300 | Time: 1.80s | Recall: 0.8840 | F1: 0.8755 | PR-AUC: 0.9339 | Weighted: 0.8873 | Improvement: -0.0139
2025-04-29 08:27:36,746 - src.models.catboost_clf - INFO - Trial 237/300 | Time: 0.94s | Recall: 0.8958 | F1: 0.8879 | PR-AUC: 0.9338 | Weighted: 0.8980 | Improvement: -0.0032
2025-04-29 08:27:37,994 - src.models.catboost_clf - INFO - Trial 238/300 | Time: 1.16s | Recall: 0.8800 | F1: 0.8769 | PR-AUC: 0.9364 | Weighted: 0.8850 | Improvement: -0.0161
2025-04-29 08:27:39,218 - src.models.catboost_clf - INFO - Trial 239/300 | Time: 1.12s | Recall: 0.8839 | F1: 0.8764 | PR-AUC: 0.9368 | Weighted: 0.8877 | Improvement: -0.0135
2025-04-29 08:27:42,176 - src.models.catboost_clf - INFO - Trial 240/300 | Time: 2.87s | Recall: 0.8840 | F1: 0.8720 | PR-AUC: 0.9211 | Weighted: 0.8853 | Improvement: -0.0159
2025-04-29 08:27:43,625 - src.models.catboost_clf - INFO - Trial 241/300 | Time: 1.36s | Recall: 0.8898 | F1: 0.8865 | PR-AUC: 0.9369 | Weighted: 0.8939 | Improvement: -0.0073
2025-04-29 08:27:45,196 - src.models.catboost_clf - INFO - Trial 242/300 | Time: 1.48s | Recall: 0.8899 | F1: 0.8847 | PR-AUC: 0.9366 | Weighted: 0.8935 | Improvement: -0.0077
2025-04-29 08:27:46,157 - src.models.catboost_clf - INFO - Trial 243/300 | Time: 0.87s | Recall: 0.8918 | F1: 0.8884 | PR-AUC: 0.9333 | Weighted: 0.8953 | Improvement: -0.0059
2025-04-29 08:27:47,548 - src.models.catboost_clf - INFO - Trial 244/300 | Time: 1.30s | Recall: 0.8898 | F1: 0.8855 | PR-AUC: 0.9381 | Weighted: 0.8938 | Improvement: -0.0074
2025-04-29 08:27:54,043 - src.models.catboost_clf - INFO - Trial 245/300 | Time: 6.41s | Recall: 0.8545 | F1: 0.8574 | PR-AUC: 0.9213 | Weighted: 0.8617 | Improvement: -0.0394
2025-04-29 08:27:57,810 - src.models.catboost_clf - INFO - Trial 246/300 | Time: 3.67s | Recall: 0.8564 | F1: 0.8644 | PR-AUC: 0.9195 | Weighted: 0.8643 | Improvement: -0.0368
2025-04-29 08:28:00,100 - src.models.catboost_clf - INFO - Trial 247/300 | Time: 2.16s | Recall: 0.8918 | F1: 0.8842 | PR-AUC: 0.9358 | Weighted: 0.8947 | Improvement: -0.0065
2025-04-29 08:28:01,115 - src.models.catboost_clf - INFO - Trial 248/300 | Time: 0.92s | Recall: 0.8938 | F1: 0.8853 | PR-AUC: 0.9394 | Weighted: 0.8967 | Improvement: -0.0045
2025-04-29 08:28:04,108 - src.models.catboost_clf - INFO - Trial 249/300 | Time: 2.90s | Recall: 0.8958 | F1: 0.8882 | PR-AUC: 0.9355 | Weighted: 0.8982 | Improvement: -0.0029
2025-04-29 08:28:15,647 - src.models.catboost_clf - INFO - Trial 250/300 | Time: 11.44s | Recall: 0.8702 | F1: 0.8672 | PR-AUC: 0.9166 | Weighted: 0.8743 | Improvement: -0.0269
2025-04-29 08:28:19,545 - src.models.catboost_clf - INFO - Trial 251/300 | Time: 3.79s | Recall: 0.8761 | F1: 0.8739 | PR-AUC: 0.9308 | Weighted: 0.8811 | Improvement: -0.0201
2025-04-29 08:28:21,279 - src.models.catboost_clf - INFO - Trial 252/300 | Time: 1.64s | Recall: 0.8899 | F1: 0.8824 | PR-AUC: 0.9380 | Weighted: 0.8932 | Improvement: -0.0080
2025-04-29 08:28:22,362 - src.models.catboost_clf - INFO - Trial 253/300 | Time: 0.99s | Recall: 0.8918 | F1: 0.8860 | PR-AUC: 0.9377 | Weighted: 0.8952 | Improvement: -0.0060
2025-04-29 08:28:23,593 - src.models.catboost_clf - INFO - Trial 254/300 | Time: 1.14s | Recall: 0.8918 | F1: 0.8894 | PR-AUC: 0.9349 | Weighted: 0.8956 | Improvement: -0.0056
2025-04-29 08:28:24,888 - src.models.catboost_clf - INFO - Trial 255/300 | Time: 1.20s | Recall: 0.8938 | F1: 0.8869 | PR-AUC: 0.9344 | Weighted: 0.8965 | Improvement: -0.0047
2025-04-29 08:28:26,236 - src.models.catboost_clf - INFO - Trial 256/300 | Time: 1.25s | Recall: 0.8899 | F1: 0.8846 | PR-AUC: 0.9323 | Weighted: 0.8931 | Improvement: -0.0081
2025-04-29 08:28:29,600 - src.models.catboost_clf - INFO - Trial 257/300 | Time: 3.27s | Recall: 0.8938 | F1: 0.8870 | PR-AUC: 0.9353 | Weighted: 0.8966 | Improvement: -0.0046
2025-04-29 08:28:31,710 - src.models.catboost_clf - INFO - Trial 258/300 | Time: 1.99s | Recall: 0.8918 | F1: 0.8832 | PR-AUC: 0.9351 | Weighted: 0.8944 | Improvement: -0.0067
2025-04-29 08:28:33,094 - src.models.catboost_clf - INFO - Trial 259/300 | Time: 1.29s | Recall: 0.8819 | F1: 0.8786 | PR-AUC: 0.9369 | Weighted: 0.8868 | Improvement: -0.0144
2025-04-29 08:28:36,091 - src.models.catboost_clf - INFO - Trial 260/300 | Time: 2.90s | Recall: 0.8958 | F1: 0.8882 | PR-AUC: 0.9355 | Weighted: 0.8982 | Improvement: -0.0029
2025-04-29 08:28:38,955 - src.models.catboost_clf - INFO - Trial 261/300 | Time: 2.77s | Recall: 0.8977 | F1: 0.8883 | PR-AUC: 0.9373 | Weighted: 0.8998 | Improvement: -0.0014
2025-04-29 08:28:39,906 - src.models.catboost_clf - INFO - Trial 262/300 | Time: 0.86s | Recall: 0.9017 | F1: 0.8930 | PR-AUC: 0.9329 | Weighted: 0.9031 | Improvement: +0.0019
2025-04-29 08:28:41,559 - src.models.catboost_clf - INFO - Trial 263/300 | Time: 1.56s | Recall: 0.8918 | F1: 0.8921 | PR-AUC: 0.9390 | Weighted: 0.8966 | Improvement: -0.0046
2025-04-29 08:28:43,777 - src.models.catboost_clf - INFO - Trial 264/300 | Time: 2.12s | Recall: 0.8977 | F1: 0.8866 | PR-AUC: 0.9339 | Weighted: 0.8991 | Improvement: -0.0021
2025-04-29 08:28:45,104 - src.models.catboost_clf - INFO - Trial 265/300 | Time: 1.23s | Recall: 0.8859 | F1: 0.8800 | PR-AUC: 0.9418 | Weighted: 0.8903 | Improvement: -0.0108
2025-04-29 08:28:45,785 - src.models.catboost_clf - INFO - Trial 266/300 | Time: 0.59s | Recall: 0.8820 | F1: 0.8787 | PR-AUC: 0.9333 | Weighted: 0.8865 | Improvement: -0.0147
2025-04-29 08:28:46,524 - src.models.catboost_clf - INFO - Trial 267/300 | Time: 0.63s | Recall: 0.8859 | F1: 0.8904 | PR-AUC: 0.9382 | Weighted: 0.8921 | Improvement: -0.0091
2025-04-29 08:28:47,831 - src.models.catboost_clf - INFO - Trial 268/300 | Time: 1.21s | Recall: 0.8839 | F1: 0.8832 | PR-AUC: 0.9294 | Weighted: 0.8883 | Improvement: -0.0128
2025-04-29 08:28:48,968 - src.models.catboost_clf - INFO - Trial 269/300 | Time: 1.04s | Recall: 0.8919 | F1: 0.8907 | PR-AUC: 0.9254 | Weighted: 0.8950 | Improvement: -0.0062
2025-04-29 08:28:50,087 - src.models.catboost_clf - INFO - Trial 270/300 | Time: 1.02s | Recall: 0.8918 | F1: 0.8849 | PR-AUC: 0.9368 | Weighted: 0.8949 | Improvement: -0.0062
2025-04-29 08:28:51,155 - src.models.catboost_clf - INFO - Trial 271/300 | Time: 0.97s | Recall: 0.8918 | F1: 0.8869 | PR-AUC: 0.9334 | Weighted: 0.8950 | Improvement: -0.0062
2025-04-29 08:28:53,138 - src.models.catboost_clf - INFO - Trial 272/300 | Time: 1.88s | Recall: 0.8879 | F1: 0.8810 | PR-AUC: 0.9324 | Weighted: 0.8910 | Improvement: -0.0102
2025-04-29 08:28:54,508 - src.models.catboost_clf - INFO - Trial 273/300 | Time: 1.22s | Recall: 0.8859 | F1: 0.8800 | PR-AUC: 0.9418 | Weighted: 0.8903 | Improvement: -0.0108
2025-04-29 08:28:55,710 - src.models.catboost_clf - INFO - Trial 274/300 | Time: 1.07s | Recall: 0.8879 | F1: 0.8861 | PR-AUC: 0.9393 | Weighted: 0.8927 | Improvement: -0.0085
2025-04-29 08:28:57,119 - src.models.catboost_clf - INFO - Trial 275/300 | Time: 1.31s | Recall: 0.9017 | F1: 0.8915 | PR-AUC: 0.9365 | Weighted: 0.9031 | Improvement: +0.0020
2025-04-29 08:28:59,039 - src.models.catboost_clf - INFO - Trial 276/300 | Time: 1.82s | Recall: 0.8977 | F1: 0.8925 | PR-AUC: 0.9321 | Weighted: 0.9001 | Improvement: -0.0010
2025-04-29 08:29:04,807 - src.models.catboost_clf - INFO - Trial 277/300 | Time: 5.67s | Recall: 0.8879 | F1: 0.8829 | PR-AUC: 0.9262 | Weighted: 0.8907 | Improvement: -0.0104
2025-04-29 08:29:07,663 - src.models.catboost_clf - INFO - Trial 278/300 | Time: 2.75s | Recall: 0.8899 | F1: 0.8832 | PR-AUC: 0.9351 | Weighted: 0.8931 | Improvement: -0.0081
2025-04-29 08:29:09,334 - src.models.catboost_clf - INFO - Trial 279/300 | Time: 1.57s | Recall: 0.8957 | F1: 0.8891 | PR-AUC: 0.9374 | Weighted: 0.8986 | Improvement: -0.0026
2025-04-29 08:29:10,679 - src.models.catboost_clf - INFO - Trial 280/300 | Time: 1.23s | Recall: 0.8859 | F1: 0.8835 | PR-AUC: 0.9349 | Weighted: 0.8903 | Improvement: -0.0109
2025-04-29 08:29:13,283 - src.models.catboost_clf - INFO - Trial 281/300 | Time: 2.50s | Recall: 0.8938 | F1: 0.8852 | PR-AUC: 0.9349 | Weighted: 0.8962 | Improvement: -0.0050
2025-04-29 08:29:14,829 - src.models.catboost_clf - INFO - Trial 282/300 | Time: 1.44s | Recall: 0.8977 | F1: 0.8892 | PR-AUC: 0.9372 | Weighted: 0.9000 | Improvement: -0.0012
2025-04-29 08:29:15,881 - src.models.catboost_clf - INFO - Trial 283/300 | Time: 0.95s | Recall: 0.8760 | F1: 0.8720 | PR-AUC: 0.9298 | Weighted: 0.8806 | Improvement: -0.0206
2025-04-29 08:29:18,825 - src.models.catboost_clf - INFO - Trial 284/300 | Time: 2.84s | Recall: 0.8977 | F1: 0.8874 | PR-AUC: 0.9375 | Weighted: 0.8997 | Improvement: -0.0015
2025-04-29 08:29:20,160 - src.models.catboost_clf - INFO - Trial 285/300 | Time: 1.23s | Recall: 0.8820 | F1: 0.8755 | PR-AUC: 0.9300 | Weighted: 0.8855 | Improvement: -0.0157
2025-04-29 08:29:21,386 - src.models.catboost_clf - INFO - Trial 286/300 | Time: 1.12s | Recall: 0.8879 | F1: 0.8861 | PR-AUC: 0.9393 | Weighted: 0.8927 | Improvement: -0.0085
2025-04-29 08:29:23,219 - src.models.catboost_clf - INFO - Trial 287/300 | Time: 1.73s | Recall: 0.8800 | F1: 0.8750 | PR-AUC: 0.9352 | Weighted: 0.8845 | Improvement: -0.0166
2025-04-29 08:29:26,626 - src.models.catboost_clf - INFO - Trial 288/300 | Time: 3.30s | Recall: 0.8702 | F1: 0.8653 | PR-AUC: 0.9316 | Weighted: 0.8754 | Improvement: -0.0258
2025-04-29 08:29:27,701 - src.models.catboost_clf - INFO - Trial 289/300 | Time: 0.96s | Recall: 0.8938 | F1: 0.8873 | PR-AUC: 0.9354 | Weighted: 0.8966 | Improvement: -0.0045
2025-04-29 08:29:29,693 - src.models.catboost_clf - INFO - Trial 290/300 | Time: 1.88s | Recall: 0.8919 | F1: 0.8833 | PR-AUC: 0.9385 | Weighted: 0.8948 | Improvement: -0.0063
2025-04-29 08:29:30,521 - src.models.catboost_clf - INFO - Trial 291/300 | Time: 0.68s | Recall: 0.8977 | F1: 0.8891 | PR-AUC: 0.9329 | Weighted: 0.8995 | Improvement: -0.0016
2025-04-29 08:29:31,679 - src.models.catboost_clf - INFO - Trial 292/300 | Time: 1.04s | Recall: 0.8858 | F1: 0.8826 | PR-AUC: 0.9357 | Weighted: 0.8902 | Improvement: -0.0110
2025-04-29 08:29:33,344 - src.models.catboost_clf - INFO - Trial 293/300 | Time: 1.53s | Recall: 0.8958 | F1: 0.8897 | PR-AUC: 0.9390 | Weighted: 0.8989 | Improvement: -0.0023
2025-04-29 08:29:35,089 - src.models.catboost_clf - INFO - Trial 294/300 | Time: 1.62s | Recall: 0.8879 | F1: 0.8778 | PR-AUC: 0.9340 | Weighted: 0.8905 | Improvement: -0.0107
2025-04-29 08:29:39,835 - src.models.catboost_clf - INFO - Trial 295/300 | Time: 4.64s | Recall: 0.8643 | F1: 0.8619 | PR-AUC: 0.9173 | Weighted: 0.8691 | Improvement: -0.0320
2025-04-29 08:29:41,893 - src.models.catboost_clf - INFO - Trial 296/300 | Time: 1.95s | Recall: 0.8859 | F1: 0.8809 | PR-AUC: 0.9379 | Weighted: 0.8901 | Improvement: -0.0111
2025-04-29 08:29:43,250 - src.models.catboost_clf - INFO - Trial 297/300 | Time: 1.23s | Recall: 0.8800 | F1: 0.8743 | PR-AUC: 0.9336 | Weighted: 0.8842 | Improvement: -0.0169
2025-04-29 08:29:44,274 - src.models.catboost_clf - INFO - Trial 298/300 | Time: 0.91s | Recall: 0.8721 | F1: 0.8730 | PR-AUC: 0.9246 | Weighted: 0.8775 | Improvement: -0.0236
2025-04-29 08:29:45,679 - src.models.catboost_clf - INFO - Trial 299/300 | Time: 1.29s | Recall: 0.8938 | F1: 0.8887 | PR-AUC: 0.9377 | Weighted: 0.8972 | Improvement: -0.0040
2025-04-29 08:29:45,743 - src.models.catboost_clf - INFO - Оптимизация завершена
Best trial: #275
Execution time: 1.31s
Recall: 0.9017
F1: 0.8915
PR-AUC: 0.9365
Weighted score: 0.9031
Parameters: {'iterations': 678, 'depth': 4, 'learning_rate': 0.11245, 'l2_leaf_reg': 2.36213, 'border_count': 233, 'bagging_temperature': 8.16456, 'random_strength': 0.02626}
2025-04-29 08:29:45,744 - src.models.catboost_clf - INFO - Создание и запись фронта Парето
2025-04-29 08:29:58,152 - src.models.catboost_clf - INFO - Создание и запись PR-Curve
2025-04-29 08:30:07,790 - src.models.catboost_clf - INFO - Обучение завершено
Total time: 641.18s
Final metrics:
Recall: 0.8741
F1: 0.8607
PR-AUC: 0.9151
2025-04-29 08:30:07,892 - src.models.catboost_clf - INFO - Модель сохранена как CatBoostClf_20250429_081926 в 0.00s
2025-04-29 08:30:07,893 - __main__ - INFO - Конец работы
